[INFO] Using device: cpu

[STEP 1] Generating synthetic LOB data ...
         X shape: (50000, 23)

[STEP 2] Constructing directional labels ...
[INFO] Label threshold alpha = 0.01916
               Down:  16912  (33.8%)
         Stationary:  16507  (33.0%)
                 Up:  16576  (33.2%)

[STEP 3] Temporal train / val / test split ...
[INFO] Split sizes -- train: 34996, val: 7499, test: 7500

[STEP 4] Normalizing (fit on train only -- no leakage) ...

[STEP 5] Creating sliding windows (L=50) ...
         Train windows: (34947, 50, 23), Val: (7450, 50, 23), Test: (7451, 50, 23)
[INFO] Class weights: [1.0107592 1.0050039 0.9846167]

[STEP 8] Running sklearn baselines ...

[BASELINE] Majority Class
              precision    recall  f1-score   support

        Down       0.00      0.00      0.00      2641
  Stationary       0.00      0.00      0.00      2447
          Up       0.32      1.00      0.48      2363

    accuracy                           0.32      7451
   macro avg       0.11      0.33      0.16      7451
weighted avg       0.10      0.32      0.15      7451

[BASELINE] Logistic Regression
              precision    recall  f1-score   support

        Down       0.59      0.60      0.59      2641
  Stationary       0.37      0.36      0.36      2447
          Up       0.55      0.56      0.55      2363

    accuracy                           0.51      7451
   macro avg       0.50      0.50      0.50      7451
weighted avg       0.50      0.51      0.51      7451


[STEP 9] Training LSTM baseline ...
  Epoch  10 | val_loss=0.9131 | best=0.8985 | patience=7/10
[INFO] Early stopping at epoch 13.

============================================================
  LSTM Evaluation Results
============================================================
  Accuracy   : 0.5782
  Macro-F1   : 0.5715
  Mean IoU   : 0.4094

              precision    recall  f1-score   support

        Down       0.65      0.69      0.67      2641
  Stationary       0.43      0.38      0.40      2447
          Up       0.63      0.66      0.64      2363

    accuracy                           0.58      7451
   macro avg       0.57      0.58      0.57      7451
weighted avg       0.57      0.58      0.57      7451


[STEP 10] Running TCN ablation study ...

[ABLATION] TCN-Small | dilations=[1, 2] | RF=7
  Epoch  10 | val_loss=0.9167 | best=0.9015 | patience=7/10
[INFO] Early stopping at epoch 13.

============================================================
  TCN-Small Evaluation Results
============================================================
  Accuracy   : 0.5762
  Macro-F1   : 0.5659
  Mean IoU   : 0.4054

              precision    recall  f1-score   support

        Down       0.64      0.69      0.67      2641
  Stationary       0.43      0.35      0.38      2447
          Up       0.62      0.68      0.65      2363

    accuracy                           0.58      7451
   macro avg       0.56      0.57      0.57      7451
weighted avg       0.56      0.58      0.57      7451


[ABLATION] TCN-Medium | dilations=[1, 2, 4] | RF=15
  Epoch  10 | val_loss=0.9234 | best=0.9033 | patience=9/10
[INFO] Early stopping at epoch 11.

============================================================
  TCN-Medium Evaluation Results
============================================================
  Accuracy   : 0.5692
  Macro-F1   : 0.5581
  Mean IoU   : 0.3983

              precision    recall  f1-score   support

        Down       0.62      0.72      0.67      2641
  Stationary       0.41      0.34      0.37      2447
          Up       0.63      0.64      0.63      2363

    accuracy                           0.57      7451
   macro avg       0.56      0.57      0.56      7451
weighted avg       0.56      0.57      0.56      7451


[ABLATION] TCN-Large | dilations=[1, 2, 4, 8] | RF=31
  Epoch  10 | val_loss=0.9355 | best=0.9029 | patience=7/10
[INFO] Early stopping at epoch 13.

============================================================
  TCN-Large Evaluation Results
============================================================
  Accuracy   : 0.5747
  Macro-F1   : 0.5605
  Mean IoU   : 0.4012

              precision    recall  f1-score   support

        Down       0.63      0.72      0.67      2641
  Stationary       0.43      0.32      0.37      2447
          Up       0.61      0.67      0.64      2363

    accuracy                           0.57      7451
   macro avg       0.56      0.57      0.56      7451
weighted avg       0.56      0.57      0.56      7451


[ABLATION] TCN-XLarge | dilations=[1, 2, 4, 8, 16, 32] | RF=127
  Epoch  10 | val_loss=0.9383 | best=0.9039 | patience=9/10
[INFO] Early stopping at epoch 11.

============================================================
  TCN-XLarge Evaluation Results
============================================================
  Accuracy   : 0.5705
  Macro-F1   : 0.5641
  Mean IoU   : 0.4022

              precision    recall  f1-score   support

        Down       0.65      0.68      0.66      2641
  Stationary       0.42      0.37      0.39      2447
          Up       0.62      0.66      0.64      2363

    accuracy                           0.57      7451
   macro avg       0.56      0.57      0.56      7451
weighted avg       0.56      0.57      0.57      7451


======================================================================
  Model           Dilations RF   Accuracy   Macro-F1   Mean IoU
  -----------------------------------------------------------------
  TCN-Small                  7     0.5762     0.5659     0.4054
  TCN-Medium                15     0.5692     0.5581     0.3983
  TCN-Large                 31     0.5747     0.5605     0.4012
  TCN-XLarge               127     0.5705     0.5641     0.4022
======================================================================
[PLOT] Ablation bar chart saved -> ablation_f1.png

[STEP 11] Full evaluation of TCN-XLarge ...
[PLOT] Training curve saved -> training_curve.png

============================================================
  TCN-XLarge Evaluation Results
============================================================
  Accuracy   : 0.5705
  Macro-F1   : 0.5641
  Mean IoU   : 0.4022

              precision    recall  f1-score   support

        Down       0.65      0.68      0.66      2641
  Stationary       0.42      0.37      0.39      2447
          Up       0.62      0.66      0.64      2363

    accuracy                           0.57      7451
   macro avg       0.56      0.57      0.56      7451
weighted avg       0.56      0.57      0.57      7451

[PLOT] Confusion matrix saved -> confusion_matrix.png

[STEP 12] PCA visualisation of learned embeddings ...
[PLOT] PCA plot saved -> pca_embeddings.png

[STEP 13] SHAP feature importance (may take a few minutes) ...
[PLOT] SHAP importance plot saved -> shap_importance.png

[DONE] All outputs saved to the current directory.
